d:\n0561281\sdi\trekstar\debug\trekstar.bsc
d:\n0561281\sdi\trekstar\trekstar\debug\vc140.pdb
d:\n0561281\sdi\trekstar\trekstar\debug\vc140.idb
d:\n0561281\sdi\trekstar\trekstar\debug\view.sbr
d:\n0561281\sdi\trekstar\trekstar\debug\vhs.sbr
d:\n0561281\sdi\trekstar\trekstar\debug\simplefactory.sbr
d:\n0561281\sdi\trekstar\trekstar\debug\project.sbr
d:\n0561281\sdi\trekstar\trekstar\debug\model.sbr
d:\n0561281\sdi\trekstar\trekstar\debug\material.sbr
d:\n0561281\sdi\trekstar\trekstar\debug\main.sbr
d:\n0561281\sdi\trekstar\trekstar\debug\filehandler.sbr
d:\n0561281\sdi\trekstar\trekstar\debug\doublesideddvd.sbr
d:\n0561281\sdi\trekstar\trekstar\debug\disc.sbr
d:\n0561281\sdi\trekstar\trekstar\debug\controller.sbr
d:\n0561281\sdi\trekstar\trekstar\debug\combobox.sbr
d:\n0561281\sdi\trekstar\trekstar\debug\combobox.obj
d:\n0561281\sdi\trekstar\trekstar\debug\controller.obj
d:\n0561281\sdi\trekstar\trekstar\debug\disc.obj
d:\n0561281\sdi\trekstar\trekstar\debug\doublesideddvd.obj
d:\n0561281\sdi\trekstar\trekstar\debug\filehandler.obj
d:\n0561281\sdi\trekstar\trekstar\debug\main.obj
d:\n0561281\sdi\trekstar\trekstar\debug\material.obj
d:\n0561281\sdi\trekstar\trekstar\debug\model.obj
d:\n0561281\sdi\trekstar\trekstar\debug\project.obj
d:\n0561281\sdi\trekstar\trekstar\debug\simplefactory.obj
d:\n0561281\sdi\trekstar\trekstar\debug\vhs.obj
d:\n0561281\sdi\trekstar\trekstar\debug\view.obj
d:\n0561281\sdi\trekstar\debug\trekstar.ilk
d:\n0561281\sdi\trekstar\debug\trekstar.exe
d:\n0561281\sdi\trekstar\debug\trekstar.pdb
d:\n0561281\sdi\trekstar\trekstar\debug\trekstar.tlog\bscmake.command.1.tlog
d:\n0561281\sdi\trekstar\trekstar\debug\trekstar.tlog\bscmake.read.1.tlog
d:\n0561281\sdi\trekstar\trekstar\debug\trekstar.tlog\bscmake.write.1.tlog
d:\n0561281\sdi\trekstar\trekstar\debug\trekstar.tlog\cl.command.1.tlog
d:\n0561281\sdi\trekstar\trekstar\debug\trekstar.tlog\cl.read.1.tlog
d:\n0561281\sdi\trekstar\trekstar\debug\trekstar.tlog\cl.write.1.tlog
d:\n0561281\sdi\trekstar\trekstar\debug\trekstar.tlog\link.command.1.tlog
d:\n0561281\sdi\trekstar\trekstar\debug\trekstar.tlog\link.read.1.tlog
d:\n0561281\sdi\trekstar\trekstar\debug\trekstar.tlog\link.write.1.tlog
