C:\USERS\CAROLINE\DOCUMENTS\TEACHING\NEWC++\SESSION2ALLMATERIALS\SESSION2\DEBUG\SESSION2.EXE
C:\USERS\CAROLINE\DOCUMENTS\TEACHING\NEWC++\SESSION2ALLMATERIALS\SESSION2\DEBUG\SESSION2.ILK
C:\USERS\CAROLINE\DOCUMENTS\TEACHING\NEWC++\SESSION2ALLMATERIALS\SESSION2\DEBUG\SESSION2.PDB
C:\Users\Caroline\Documents\Teaching\NewC++\Session2AllMaterials\Session2\Session2\Debug\cl.command.1.tlog
C:\Users\Caroline\Documents\Teaching\NewC++\Session2AllMaterials\Session2\Session2\Debug\CL.read.1.tlog
C:\Users\Caroline\Documents\Teaching\NewC++\Session2AllMaterials\Session2\Session2\Debug\CL.write.1.tlog
C:\Users\Caroline\Documents\Teaching\NewC++\Session2AllMaterials\Session2\Session2\Debug\link.6080.read.1.tlog
C:\Users\Caroline\Documents\Teaching\NewC++\Session2AllMaterials\Session2\Session2\Debug\link.6080.write.1.tlog
C:\Users\Caroline\Documents\Teaching\NewC++\Session2AllMaterials\Session2\Session2\Debug\link.6080-cvtres.read.1.tlog
C:\Users\Caroline\Documents\Teaching\NewC++\Session2AllMaterials\Session2\Session2\Debug\link.6080-cvtres.write.1.tlog
C:\Users\Caroline\Documents\Teaching\NewC++\Session2AllMaterials\Session2\Session2\Debug\link.command.1.tlog
C:\Users\Caroline\Documents\Teaching\NewC++\Session2AllMaterials\Session2\Session2\Debug\link.read.1.tlog
C:\Users\Caroline\Documents\Teaching\NewC++\Session2AllMaterials\Session2\Session2\Debug\link.write.1.tlog
C:\Users\Caroline\Documents\Teaching\NewC++\Session2AllMaterials\Session2\Session2\Debug\link-cvtres.read.1.tlog
C:\Users\Caroline\Documents\Teaching\NewC++\Session2AllMaterials\Session2\Session2\Debug\link-cvtres.write.1.tlog
C:\Users\Caroline\Documents\Teaching\NewC++\Session2AllMaterials\Session2\Session2\Debug\mt.command.1.tlog
C:\Users\Caroline\Documents\Teaching\NewC++\Session2AllMaterials\Session2\Session2\Debug\mt.read.1.tlog
C:\Users\Caroline\Documents\Teaching\NewC++\Session2AllMaterials\Session2\Session2\Debug\mt.write.1.tlog
C:\Users\Caroline\Documents\Teaching\NewC++\Session2AllMaterials\Session2\Session2\Debug\rc.command.1.tlog
C:\Users\Caroline\Documents\Teaching\NewC++\Session2AllMaterials\Session2\Session2\Debug\rc.read.1.tlog
C:\Users\Caroline\Documents\Teaching\NewC++\Session2AllMaterials\Session2\Session2\Debug\rc.write.1.tlog
C:\USERS\CAROLINE\DOCUMENTS\TEACHING\NEWC++\SESSION2ALLMATERIALS\SESSION2\SESSION2\DEBUG\SESSION2.EXE.EMBED.MANIFEST
C:\USERS\CAROLINE\DOCUMENTS\TEACHING\NEWC++\SESSION2ALLMATERIALS\SESSION2\SESSION2\DEBUG\SESSION2.EXE.EMBED.MANIFEST.RES
C:\USERS\CAROLINE\DOCUMENTS\TEACHING\NEWC++\SESSION2ALLMATERIALS\SESSION2\SESSION2\DEBUG\SESSION2.EXE.INTERMEDIATE.MANIFEST
C:\USERS\CAROLINE\DOCUMENTS\TEACHING\NEWC++\SESSION2ALLMATERIALS\SESSION2\SESSION2\DEBUG\SESSION2.OBJ
C:\USERS\CAROLINE\DOCUMENTS\TEACHING\NEWC++\SESSION2ALLMATERIALS\SESSION2\SESSION2\DEBUG\SESSION2.PCH
C:\Users\Caroline\Documents\Teaching\NewC++\Session2AllMaterials\Session2\Session2\Debug\Session2_manifest.rc
C:\USERS\CAROLINE\DOCUMENTS\TEACHING\NEWC++\SESSION2ALLMATERIALS\SESSION2\SESSION2\DEBUG\STDAFX.OBJ
C:\Users\Caroline\Documents\Teaching\NewC++\Session2AllMaterials\Session2\Session2\Debug\vc100.idb
C:\USERS\CAROLINE\DOCUMENTS\TEACHING\NEWC++\SESSION2ALLMATERIALS\SESSION2\SESSION2\DEBUG\VC100.PDB
