Build started 24/11/2015 12:47:06.
     1>Project "E:\Documents\Second Year\Software Design and Implementation\Seminar B\Seminar B\Seminar B.vcxproj" on node 2 (Build target(s)).
     1>ClCompile:
         C:\Program Files (x86)\Microsoft Visual Studio 12.0\VC\bin\CL.exe /c /ZI /nologo /W3 /WX- /sdl /Od /Oy- /D WIN32 /D _DEBUG /D _CONSOLE /D _LIB /D _UNICODE /D UNICODE /Gm /EHsc /RTC1 /MDd /GS /fp:precise /Zc:wchar_t /Zc:forScope /Fo"Debug\\" /Fd"Debug\vc120.pdb" /Gd /TP /analyze- /errorReport:prompt DynArray.cpp main.cpp
         DynArray.cpp
         Generating Code...
         Compiling...
         main.cpp
     1>e:\documents\second year\software design and implementation\seminar b\seminar b\dynarray.cpp(58): warning C4244: 'initializing' : conversion from 'double' to 'int', possible loss of data
                 e:\documents\second year\software design and implementation\seminar b\seminar b\dynarray.cpp(54) : while compiling class template member function 'void SDI::DynArray<int>::push_back(ComponentType)'
                 with
                 [
                     ComponentType=int
                 ]
                 e:\documents\second year\software design and implementation\seminar b\seminar b\main.cpp(12) : see reference to function template instantiation 'void SDI::DynArray<int>::push_back(ComponentType)' being compiled
                 with
                 [
                     ComponentType=int
                 ]
                 e:\documents\second year\software design and implementation\seminar b\seminar b\main.cpp(8) : see reference to class template instantiation 'SDI::DynArray<int>' being compiled
         Generating Code...
     1>e:\documents\second year\software design and implementation\seminar b\seminar b\dynarray.cpp(99): warning C4715: 'SDI::DynArray<int>::get' : not all control paths return a value
       Link:
         C:\Program Files (x86)\Microsoft Visual Studio 12.0\VC\bin\link.exe /ERRORREPORT:PROMPT /OUT:"E:\Documents\Second Year\Software Design and Implementation\Seminar B\Debug\Seminar B.exe" /INCREMENTAL /NOLOGO kernel32.lib user32.lib gdi32.lib winspool.lib comdlg32.lib advapi32.lib shell32.lib ole32.lib oleaut32.lib uuid.lib odbc32.lib odbccp32.lib /MANIFEST /MANIFESTUAC:"level='asInvoker' uiAccess='false'" /manifest:embed /DEBUG /PDB:"E:\Documents\Second Year\Software Design and Implementation\Seminar B\Debug\Seminar B.pdb" /SUBSYSTEM:CONSOLE /TLBID:1 /DYNAMICBASE /NXCOMPAT /IMPLIB:"E:\Documents\Second Year\Software Design and Implementation\Seminar B\Debug\Seminar B.lib" /MACHINE:X86 Debug\DynArray.obj
         Debug\main.obj
         Seminar B.vcxproj -> E:\Documents\Second Year\Software Design and Implementation\Seminar B\Debug\Seminar B.exe
     1>Done Building Project "E:\Documents\Second Year\Software Design and Implementation\Seminar B\Seminar B\Seminar B.vcxproj" (Build target(s)).

Build succeeded.

Time Elapsed 00:00:02.93
