C:\USERS\CAROLINE\DOCUMENTS\TEACHING\NEWC++\SESSION3ALLMATERIALS\SESSION3\DEBUG\SESSION3.EXE
C:\USERS\CAROLINE\DOCUMENTS\TEACHING\NEWC++\SESSION3ALLMATERIALS\SESSION3\DEBUG\SESSION3.ILK
C:\USERS\CAROLINE\DOCUMENTS\TEACHING\NEWC++\SESSION3ALLMATERIALS\SESSION3\DEBUG\SESSION3.PDB
C:\Users\Caroline\Documents\Teaching\NewC++\Session3AllMaterials\Session3\Session3\Debug\cl.command.1.tlog
C:\Users\Caroline\Documents\Teaching\NewC++\Session3AllMaterials\Session3\Session3\Debug\CL.read.1.tlog
C:\Users\Caroline\Documents\Teaching\NewC++\Session3AllMaterials\Session3\Session3\Debug\CL.write.1.tlog
C:\Users\Caroline\Documents\Teaching\NewC++\Session3AllMaterials\Session3\Session3\Debug\link.3788.read.1.tlog
C:\Users\Caroline\Documents\Teaching\NewC++\Session3AllMaterials\Session3\Session3\Debug\link.3788.write.1.tlog
C:\Users\Caroline\Documents\Teaching\NewC++\Session3AllMaterials\Session3\Session3\Debug\link.3788-cvtres.read.1.tlog
C:\Users\Caroline\Documents\Teaching\NewC++\Session3AllMaterials\Session3\Session3\Debug\link.3788-cvtres.write.1.tlog
C:\Users\Caroline\Documents\Teaching\NewC++\Session3AllMaterials\Session3\Session3\Debug\link.6152.read.1.tlog
C:\Users\Caroline\Documents\Teaching\NewC++\Session3AllMaterials\Session3\Session3\Debug\link.6152.write.1.tlog
C:\Users\Caroline\Documents\Teaching\NewC++\Session3AllMaterials\Session3\Session3\Debug\link.6152-cvtres.read.1.tlog
C:\Users\Caroline\Documents\Teaching\NewC++\Session3AllMaterials\Session3\Session3\Debug\link.6152-cvtres.write.1.tlog
C:\Users\Caroline\Documents\Teaching\NewC++\Session3AllMaterials\Session3\Session3\Debug\link.7232.read.1.tlog
C:\Users\Caroline\Documents\Teaching\NewC++\Session3AllMaterials\Session3\Session3\Debug\link.7232.write.1.tlog
C:\Users\Caroline\Documents\Teaching\NewC++\Session3AllMaterials\Session3\Session3\Debug\link.7232-cvtres.read.1.tlog
C:\Users\Caroline\Documents\Teaching\NewC++\Session3AllMaterials\Session3\Session3\Debug\link.7232-cvtres.write.1.tlog
C:\Users\Caroline\Documents\Teaching\NewC++\Session3AllMaterials\Session3\Session3\Debug\link.command.1.tlog
C:\Users\Caroline\Documents\Teaching\NewC++\Session3AllMaterials\Session3\Session3\Debug\link.read.1.tlog
C:\Users\Caroline\Documents\Teaching\NewC++\Session3AllMaterials\Session3\Session3\Debug\link.write.1.tlog
C:\Users\Caroline\Documents\Teaching\NewC++\Session3AllMaterials\Session3\Session3\Debug\link-cvtres.read.1.tlog
C:\Users\Caroline\Documents\Teaching\NewC++\Session3AllMaterials\Session3\Session3\Debug\link-cvtres.write.1.tlog
C:\Users\Caroline\Documents\Teaching\NewC++\Session3AllMaterials\Session3\Session3\Debug\mt.command.1.tlog
C:\Users\Caroline\Documents\Teaching\NewC++\Session3AllMaterials\Session3\Session3\Debug\mt.read.1.tlog
C:\Users\Caroline\Documents\Teaching\NewC++\Session3AllMaterials\Session3\Session3\Debug\mt.write.1.tlog
C:\Users\Caroline\Documents\Teaching\NewC++\Session3AllMaterials\Session3\Session3\Debug\rc.command.1.tlog
C:\Users\Caroline\Documents\Teaching\NewC++\Session3AllMaterials\Session3\Session3\Debug\rc.read.1.tlog
C:\Users\Caroline\Documents\Teaching\NewC++\Session3AllMaterials\Session3\Session3\Debug\rc.write.1.tlog
C:\USERS\CAROLINE\DOCUMENTS\TEACHING\NEWC++\SESSION3ALLMATERIALS\SESSION3\SESSION3\DEBUG\SESSION3.EXE.EMBED.MANIFEST
C:\USERS\CAROLINE\DOCUMENTS\TEACHING\NEWC++\SESSION3ALLMATERIALS\SESSION3\SESSION3\DEBUG\SESSION3.EXE.EMBED.MANIFEST.RES
C:\USERS\CAROLINE\DOCUMENTS\TEACHING\NEWC++\SESSION3ALLMATERIALS\SESSION3\SESSION3\DEBUG\SESSION3.EXE.INTERMEDIATE.MANIFEST
C:\USERS\CAROLINE\DOCUMENTS\TEACHING\NEWC++\SESSION3ALLMATERIALS\SESSION3\SESSION3\DEBUG\SESSION3.OBJ
C:\USERS\CAROLINE\DOCUMENTS\TEACHING\NEWC++\SESSION3ALLMATERIALS\SESSION3\SESSION3\DEBUG\SESSION3.PCH
C:\Users\Caroline\Documents\Teaching\NewC++\Session3AllMaterials\Session3\Session3\Debug\Session3_manifest.rc
C:\USERS\CAROLINE\DOCUMENTS\TEACHING\NEWC++\SESSION3ALLMATERIALS\SESSION3\SESSION3\DEBUG\SESSION3EX2.OBJ
C:\USERS\CAROLINE\DOCUMENTS\TEACHING\NEWC++\SESSION3ALLMATERIALS\SESSION3\SESSION3\DEBUG\SESSION3EX3.OBJ
C:\USERS\CAROLINE\DOCUMENTS\TEACHING\NEWC++\SESSION3ALLMATERIALS\SESSION3\SESSION3\DEBUG\STDAFX.OBJ
C:\Users\Caroline\Documents\Teaching\NewC++\Session3AllMaterials\Session3\Session3\Debug\vc100.idb
C:\USERS\CAROLINE\DOCUMENTS\TEACHING\NEWC++\SESSION3ALLMATERIALS\SESSION3\SESSION3\DEBUG\VC100.PDB
