Build started 24/01/2015 17:52:07.
     1>Project "C:\Users\Ben\Documents\N0561281\Year 1 Programming\Session3\Session3\Session3\Session3.vcxproj" on node 2 (Build target(s)).
     1>ClCompile:
         C:\Program Files (x86)\Microsoft Visual Studio 12.0\VC\bin\CL.exe /c /ZI /nologo /W3 /WX- /Od /Oy- /D WIN32 /D _DEBUG /D _CONSOLE /D _UNICODE /D UNICODE /Gm /EHsc /RTC1 /MDd /GS /fp:precise /Zc:wchar_t /Zc:forScope /Yu"stdafx.h" /Fp"Debug\Session3.pch" /Fo"Debug\\" /Fd"Debug\vc120.pdb" /Gd /TP /analyze- /errorReport:prompt Homework.cpp
         Homework.cpp
     1>c:\users\ben\documents\n0561281\year 1 programming\session3\session3\session3\homework.cpp(39): warning C4305: 'argument' : truncation from 'int' to 'char'
     1>c:\users\ben\documents\n0561281\year 1 programming\session3\session3\session3\homework.cpp(39): warning C4309: 'argument' : truncation of constant value
     1>c:\users\ben\documents\n0561281\year 1 programming\session3\session3\session3\homework.cpp(42): warning C4305: 'argument' : truncation from 'int' to 'char'
     1>c:\users\ben\documents\n0561281\year 1 programming\session3\session3\session3\homework.cpp(42): warning C4309: 'argument' : truncation of constant value
     1>c:\users\ben\documents\n0561281\year 1 programming\session3\session3\session3\homework.cpp(45): warning C4305: 'argument' : truncation from 'int' to 'char'
     1>c:\users\ben\documents\n0561281\year 1 programming\session3\session3\session3\homework.cpp(45): warning C4309: 'argument' : truncation of constant value
     1>c:\users\ben\documents\n0561281\year 1 programming\session3\session3\session3\homework.cpp(48): warning C4305: 'argument' : truncation from 'int' to 'char'
     1>c:\users\ben\documents\n0561281\year 1 programming\session3\session3\session3\homework.cpp(48): warning C4309: 'argument' : truncation of constant value
       Link:
         C:\Program Files (x86)\Microsoft Visual Studio 12.0\VC\bin\link.exe /ERRORREPORT:PROMPT /OUT:"C:\Users\Ben\Documents\N0561281\Year 1 Programming\Session3\Session3\Debug\Session3.exe" /INCREMENTAL /NOLOGO kernel32.lib user32.lib gdi32.lib winspool.lib comdlg32.lib advapi32.lib shell32.lib ole32.lib oleaut32.lib uuid.lib odbc32.lib odbccp32.lib /MANIFEST /MANIFESTUAC:"level='asInvoker' uiAccess='false'" /manifest:embed /DEBUG /PDB:"C:\Users\Ben\Documents\N0561281\Year 1 Programming\Session3\Session3\Debug\Session3.pdb" /SUBSYSTEM:CONSOLE /TLBID:1 /DYNAMICBASE /NXCOMPAT /IMPLIB:"C:\Users\Ben\Documents\N0561281\Year 1 Programming\Session3\Session3\Debug\Session3.lib" /MACHINE:X86 Debug\Homework.obj
         Debug\stdafx.obj
         Session3.vcxproj -> C:\Users\Ben\Documents\N0561281\Year 1 Programming\Session3\Session3\Debug\Session3.exe
     1>Done Building Project "C:\Users\Ben\Documents\N0561281\Year 1 Programming\Session3\Session3\Session3\Session3.vcxproj" (Build target(s)).

Build succeeded.

Time Elapsed 00:00:02.74
